#
# A fatal error has been detected by the Java Runtime Environment:
#
#  EXCEPTION_ACCESS_VIOLATION (0xc0000005) at pc=0x000007f8d6e62759, pid=3124, tid=13684
#
# JRE version: Java(TM) SE Runtime Environment (7.0_71-b14) (build 1.7.0_71-b14)
# Java VM: Java HotSpot(TM) 64-Bit Server VM (24.71-b01 mixed mode windows-amd64 compressed oops)
# Problematic frame:
# C  [jniopencv_core.dll+0x2759]
#
# Failed to write core dump. Minidumps are not enabled by default on client versions of Windows
#
# If you would like to submit a bug report, please visit:
#   http://bugreport.sun.com/bugreport/crash.jsp
# The crash happened outside the Java Virtual Machine in native code.
# See problematic frame for where to report the bug.
#

---------------  T H R E A D  ---------------

Current thread (0x0000000002900800):  JavaThread "main" [_thread_in_native, id=13684, stack(0x0000000002800000,0x0000000002900000)]

siginfo: ExceptionCode=0xc0000005, reading address 0x0000000000000018

Registers:
RAX=0x0000000000000000, RBX=0x0000000000000000, RCX=0x0000000000000000, RDX=0x000000000d39b010
RSP=0x00000000028ff440, RBP=0x00000000028ff598, RSI=0x00000000028ff580, RDI=0x000000000d39b010
R8 =0x0000000000000032, R9 =0x00000007d6bbf0d0, R10=0x0000000000000002, R11=0x0000000059b25da0
R12=0x000000000d39b010, R13=0x0000000000000000, R14=0x00000000028ff598, R15=0x0000000002900800
RIP=0x000007f8d6e62759, EFLAGS=0x0000000000010202

Top of Stack: (sp=0x00000000028ff440)
0x00000000028ff440:   00000000028ff598 000000077d211fc0
0x00000000028ff450:   0000000000000000 0000000002900800
0x00000000028ff460:   0000000000000000 000007f8d6e62045
0x00000000028ff470:   0000000002728690 000000005946fa88
0x00000000028ff480:   00000000028ff818 000000000272eb40
0x00000000028ff490:   000000000d3a9af0 000007f8d6edf9c7
0x00000000028ff4a0:   00000000029009e8 0000000002a12fd9
0x00000000028ff4b0:   0000000002900c00 0000000002900800
0x00000000028ff4c0:   000000077d211fc0 0000000002a060f8
0x00000000028ff4d0:   00000000efa166e8 0000000002a13150
0x00000000028ff4e0:   0000000000000000 000000077d211fc0
0x00000000028ff4f0:   00000000028ff560 0000000002900c58
0x00000000028ff500:   000000000272ef18 0000000002a0f0d8
0x00000000028ff510:   0000000002900800 00000000028ff6a0
0x00000000028ff520:   00000000028ff520 000000077d211fc0
0x00000000028ff530:   00000000028ff598 000000077d3adc20 

Instructions: (pc=0x000007f8d6e62759)
0x000007f8d6e62739:   10 00 48 8b 5c 24 60 48 83 c4 50 5f c3 cc cc cc
0x000007f8d6e62749:   cc cc cc cc cc cc cc 40 53 48 83 ec 20 48 8b d9
0x000007f8d6e62759:   48 8b 49 18 48 85 c9 74 17 83 ca ff ff 15 fd 4f
0x000007f8d6e62769:   10 00 83 f8 01 75 09 48 8b cb ff 15 cf 4d 10 00 


Register to memory mapping:

RAX=0x0000000000000000 is an unknown value
RBX=0x0000000000000000 is an unknown value
RCX=0x0000000000000000 is an unknown value
RDX=0x000000000d39b010 is an unknown value
RSP=0x00000000028ff440 is pointing into the stack for thread: 0x0000000002900800
RBP=0x00000000028ff598 is pointing into the stack for thread: 0x0000000002900800
RSI=0x00000000028ff580 is pointing into the stack for thread: 0x0000000002900800
RDI=0x000000000d39b010 is an unknown value
R8 =0x0000000000000032 is an unknown value
R9 =0x00000007d6bbf0d0 is an oop
org.bytedeco.javacpp.opencv_core$Mat 
 - klass: 'org/bytedeco/javacpp/opencv_core$Mat'
R10=0x0000000000000002 is an unknown value
R11=0x0000000059b25da0 is an unknown value
R12=0x000000000d39b010 is an unknown value
R13=0x0000000000000000 is an unknown value
R14=0x00000000028ff598 is pointing into the stack for thread: 0x0000000002900800
R15=0x0000000002900800 is a thread


Stack: [0x0000000002800000,0x0000000002900000],  sp=0x00000000028ff440,  free space=1021k
Native frames: (J=compiled Java code, j=interpreted, Vv=VM code, C=native code)
C  [jniopencv_core.dll+0x2759]

Java frames: (J=compiled Java code, j=interpreted, Vv=VM code)
j  org.bytedeco.javacpp.opencv_core$MatVector.put(JLorg/bytedeco/javacpp/opencv_core$Mat;)Lorg/bytedeco/javacpp/opencv_core$MatVector;+0
j  src.main.code.OpenCVFaceRecognizer.main([Ljava/lang/String;)V+251
v  ~StubRoutines::call_stub

---------------  P R O C E S S  ---------------

Java Threads: ( => current thread )
  0x00000000029f7000 JavaThread "Service Thread" daemon [_thread_blocked, id=11740, stack(0x000000000d8f0000,0x000000000d9f0000)]
  0x00000000029f3000 JavaThread "C2 CompilerThread1" daemon [_thread_blocked, id=7356, stack(0x000000000d7f0000,0x000000000d8f0000)]
  0x00000000029ee800 JavaThread "C2 CompilerThread0" daemon [_thread_blocked, id=12304, stack(0x000000000d6f0000,0x000000000d7f0000)]
  0x00000000029ed000 JavaThread "Attach Listener" daemon [_thread_blocked, id=11192, stack(0x000000000d5f0000,0x000000000d6f0000)]
  0x000000000d110800 JavaThread "Signal Dispatcher" daemon [_thread_blocked, id=14252, stack(0x000000000d4f0000,0x000000000d5f0000)]
  0x000000000b120000 JavaThread "Finalizer" daemon [_thread_blocked, id=9832, stack(0x000000000cff0000,0x000000000d0f0000)]
  0x000000000b119800 JavaThread "Reference Handler" daemon [_thread_blocked, id=14240, stack(0x000000000cef0000,0x000000000cff0000)]
=>0x0000000002900800 JavaThread "main" [_thread_in_native, id=13684, stack(0x0000000002800000,0x0000000002900000)]

Other Threads:
  0x000000000b116000 VMThread [stack: 0x000000000cdf0000,0x000000000cef0000] [id=5240]
  0x00000000029fb000 WatcherThread [stack: 0x000000000d9f0000,0x000000000daf0000] [id=948]

VM state:not at safepoint (normal execution)

VM Mutex/Monitor currently owned by a thread: None

Heap
 PSYoungGen      total 37888K, used 12531K [0x00000007d6000000, 0x00000007d8a00000, 0x0000000800000000)
  eden space 32768K, 38% used [0x00000007d6000000,0x00000007d6c3cdf8,0x00000007d8000000)
  from space 5120K, 0% used [0x00000007d8500000,0x00000007d8500000,0x00000007d8a00000)
  to   space 5120K, 0% used [0x00000007d8000000,0x00000007d8000000,0x00000007d8500000)
 ParOldGen       total 86016K, used 0K [0x0000000782000000, 0x0000000787400000, 0x00000007d6000000)
  object space 86016K, 0% used [0x0000000782000000,0x0000000782000000,0x0000000787400000)
 PSPermGen       total 21504K, used 5829K [0x000000077ce00000, 0x000000077e300000, 0x0000000782000000)
  object space 21504K, 27% used [0x000000077ce00000,0x000000077d3b1620,0x000000077e300000)

Card table byte_map: [0x0000000005ac0000,0x0000000005ee0000] byte_map_base: 0x0000000001ed9000

Polling page: 0x0000000000e20000

Code Cache  [0x0000000002a00000, 0x0000000002c70000, 0x0000000005a00000)
 total_blobs=408 nmethods=54 adapters=306 free_code_cache=48582Kb largest_free_block=49729280

Compilation events (10 events):
Event: 1.174 Thread 0x00000000029ee800   50             java.net.URI::quote (208 bytes)
Event: 1.179 Thread 0x00000000029ee800 nmethod 50 0x0000000002a89d50 code [0x0000000002a89f40, 0x0000000002a8a4c0]
Event: 1.181 Thread 0x00000000029f3000   51             sun.misc.MetaIndex::mayContain (51 bytes)
Event: 1.184 Thread 0x00000000029f3000 nmethod 51 0x0000000002a82650 code [0x0000000002a827a0, 0x0000000002a82a28]
Event: 1.192 Thread 0x00000000029ee800   52             java.lang.AbstractStringBuilder::append (48 bytes)
Event: 1.195 Thread 0x00000000029ee800 nmethod 52 0x0000000002a894d0 code [0x0000000002a89620, 0x0000000002a89a18]
Event: 1.401 Thread 0x00000000029f3000   53             java.util.Arrays::copyOfRange (63 bytes)
Event: 1.403 Thread 0x00000000029f3000 nmethod 53 0x0000000002a7fd10 code [0x0000000002a7fe60, 0x0000000002a80078]
Event: 1.760 Thread 0x00000000029ee800   54             java.util.HashMap::get (29 bytes)
Event: 1.762 Thread 0x00000000029ee800 nmethod 54 0x0000000002a8ad10 code [0x0000000002a8ae80, 0x0000000002a8b0a8]

GC Heap History (0 events):
No events

Deoptimization events (0 events):
No events

Internal exceptions (10 events):
Event: 1.399 Thread 0x0000000002900800 Threw 0x00000007d6b2f2a8 at C:\re\jdk7u71\1605\hotspot\src\share\vm\prims\jvm.cpp:1281
Event: 1.400 Thread 0x0000000002900800 Threw 0x00000007d6b366a8 at C:\re\jdk7u71\1605\hotspot\src\share\vm\prims\jvm.cpp:1281
Event: 1.400 Thread 0x0000000002900800 Threw 0x00000007d6b3b568 at C:\re\jdk7u71\1605\hotspot\src\share\vm\prims\jvm.cpp:1281
Event: 1.401 Thread 0x0000000002900800 Threw 0x00000007d6b44080 at C:\re\jdk7u71\1605\hotspot\src\share\vm\prims\jvm.cpp:1281
Event: 1.401 Thread 0x0000000002900800 Threw 0x00000007d6b49498 at C:\re\jdk7u71\1605\hotspot\src\share\vm\prims\jvm.cpp:1281
Event: 1.402 Thread 0x0000000002900800 Threw 0x00000007d6b4e650 at C:\re\jdk7u71\1605\hotspot\src\share\vm\prims\jvm.cpp:1281
Event: 1.402 Thread 0x0000000002900800 Threw 0x00000007d6b530e8 at C:\re\jdk7u71\1605\hotspot\src\share\vm\prims\jvm.cpp:1281
Event: 1.453 Thread 0x0000000002900800 Threw 0x00000007d6b872b0 at C:\re\jdk7u71\1605\hotspot\src\share\vm\prims\jvm.cpp:1281
Event: 1.484 Thread 0x0000000002900800 Threw 0x00000007d6b937a0 at C:\re\jdk7u71\1605\hotspot\src\share\vm\prims\jvm.cpp:1281
Event: 1.756 Thread 0x0000000002900800 Threw 0x00000007d6ba54c8 at C:\re\jdk7u71\1605\hotspot\src\share\vm\prims\jvm.cpp:1281

Events (10 events):
Event: 1.402 loading class 0x000000000d249200
Event: 1.402 loading class 0x000000000d249200 done
Event: 1.453 loading class 0x000000000d13f8d0
Event: 1.453 loading class 0x000000000d13f8d0 done
Event: 1.484 loading class 0x000000000d3dc050
Event: 1.484 loading class 0x000000000d3dc050 done
Event: 1.756 loading class 0x00000000029f9e10
Event: 1.756 loading class 0x00000000029f9e10 done
Event: 1.758 loading class 0x00000000029a6e20
Event: 1.758 loading class 0x00000000029a6e20 done


Dynamic libraries:
0x000007f797510000 - 0x000007f797543000 	C:\Program Files\Java\jre7\bin\javaw.exe
0x000007f8f5080000 - 0x000007f8f523e000 	C:\windows\SYSTEM32\ntdll.dll
0x000007f8f2d30000 - 0x000007f8f2e66000 	C:\windows\system32\KERNEL32.DLL
0x000007f8f1fc0000 - 0x000007f8f20b4000 	C:\windows\system32\KERNELBASE.dll
0x000007f8f2840000 - 0x000007f8f291e000 	C:\windows\system32\ADVAPI32.dll
0x000007f8f3630000 - 0x000007f8f377c000 	C:\windows\system32\USER32.dll
0x000007f8efc60000 - 0x000007f8efeca000 	C:\windows\WinSxS\amd64_microsoft.windows.common-controls_6595b64144ccf1df_6.0.9200.16579_none_418ab7ef718b27ef\COMCTL32.dll
0x000007f8f3a30000 - 0x000007f8f3ad5000 	C:\windows\system32\msvcrt.dll
0x000007f8f3480000 - 0x000007f8f34c8000 	C:\windows\SYSTEM32\sechost.dll
0x000007f8f34e0000 - 0x000007f8f3625000 	C:\windows\system32\RPCRT4.dll
0x000007f8f2e70000 - 0x000007f8f2fb1000 	C:\windows\system32\GDI32.dll
0x000007f8f3780000 - 0x000007f8f37b9000 	C:\windows\system32\IMM32.DLL
0x000007f8f3360000 - 0x000007f8f3475000 	C:\windows\system32\MSCTF.dll
0x000000005b440000 - 0x000000005b512000 	C:\Program Files\Java\jre7\bin\msvcr100.dll
0x00000000593d0000 - 0x0000000059ba3000 	C:\Program Files\Java\jre7\bin\server\jvm.dll
0x000007f8ea920000 - 0x000007f8ea929000 	C:\windows\SYSTEM32\WSOCK32.dll
0x000007f8eeed0000 - 0x000007f8eeef0000 	C:\windows\SYSTEM32\WINMM.dll
0x000007f8f34d0000 - 0x000007f8f34d7000 	C:\windows\system32\PSAPI.DLL
0x000007f8f2c50000 - 0x000007f8f2ca8000 	C:\windows\system32\WS2_32.dll
0x000007f8ee940000 - 0x000007f8ee972000 	C:\windows\SYSTEM32\WINMMBASE.dll
0x000007f8f2cb0000 - 0x000007f8f2cb9000 	C:\windows\system32\NSI.dll
0x000000005e220000 - 0x000000005e22f000 	C:\Program Files\Java\jre7\bin\verify.dll
0x000000005d1c0000 - 0x000000005d1e8000 	C:\Program Files\Java\jre7\bin\java.dll
0x000000005d7b0000 - 0x000000005d7c5000 	C:\Program Files\Java\jre7\bin\zip.dll
0x000000005b360000 - 0x000000005b431000 	C:\Users\gonzalo1\AppData\Local\Temp\javacpp694507116229245\msvcr100.dll
0x000000005cc00000 - 0x000000005cc98000 	C:\Users\gonzalo1\AppData\Local\Temp\javacpp694507116229245\msvcp100.dll
0x000007f8d6950000 - 0x000007f8d6bcf000 	C:\Users\gonzalo1\AppData\Local\Temp\javacpp694507116229245\opencv_core2410.dll
0x000007f8d6e60000 - 0x000007f8d7049000 	C:\Users\gonzalo1\AppData\Local\Temp\javacpp694507116229245\jniopencv_core.dll
0x000007f8cb450000 - 0x000007f8cb711000 	C:\Users\gonzalo1\AppData\Local\Temp\javacpp694507116229245\opencv_imgproc2410.dll
0x000007f8e3560000 - 0x000007f8e3603000 	C:\Users\gonzalo1\AppData\Local\Temp\javacpp694507116229245\jniopencv_imgproc.dll
0x0000000066840000 - 0x00000000676b4000 	C:\Users\gonzalo1\AppData\Local\Temp\javacpp694507116229245\opencv_ffmpeg2410_64.dll
0x000007f8d1780000 - 0x000007f8d19ce000 	C:\Users\gonzalo1\AppData\Local\Temp\javacpp694507116229245\opencv_highgui2410.dll
0x000007f8f2920000 - 0x000007f8f2a9e000 	C:\windows\system32\ole32.dll
0x000007f8f24f0000 - 0x000007f8f25b3000 	C:\windows\system32\OLEAUT32.dll
0x000007f8e7270000 - 0x000007f8e7290000 	C:\windows\SYSTEM32\AVIFIL32.dll
0x000007f8e7240000 - 0x000007f8e7269000 	C:\windows\SYSTEM32\MSVFW32.dll
0x000007f8e6d10000 - 0x000007f8e6d27000 	C:\windows\SYSTEM32\AVICAP32.dll
0x000007f8f2aa0000 - 0x000007f8f2c50000 	C:\windows\SYSTEM32\combase.dll
0x000007f8ef0b0000 - 0x000007f8ef0c9000 	C:\windows\SYSTEM32\MSACM32.dll
0x000007f8f3d90000 - 0x000007f8f5072000 	C:\windows\system32\SHELL32.dll
0x000007f8eff00000 - 0x000007f8eff09000 	C:\windows\SYSTEM32\VERSION.dll
0x000007f8f27f0000 - 0x000007f8f2840000 	C:\windows\system32\SHLWAPI.dll
0x000007f8e62d0000 - 0x000007f8e631f000 	C:\Users\gonzalo1\AppData\Local\Temp\javacpp694507116229245\jniopencv_highgui.dll
0x000007f8deea0000 - 0x000007f8def6b000 	C:\Users\gonzalo1\AppData\Local\Temp\javacpp694507116229245\opencv_objdetect2410.dll
0x000007f8e4750000 - 0x000007f8e47bb000 	C:\Users\gonzalo1\AppData\Local\Temp\javacpp694507116229245\jniopencv_objdetect.dll
0x000007f8e3d70000 - 0x000007f8e3ed3000 	C:\windows\SYSTEM32\dbghelp.dll

VM Arguments:
jvm_args: -Dfile.encoding=Cp1252 
java_command: src.main.code.OpenCVFaceRecognizer
Launcher Type: SUN_STANDARD

Environment Variables:
PATH=C:\Program Files (x86)\Intel\iCLS Client\;C:\Program Files\Intel\iCLS Client\;C:\Program Files (x86)\NVIDIA Corporation\PhysX\Common;C:\windows\system32;C:\windows;C:\windows\System32\Wbem;C:\windows\System32\WindowsPowerShell\v1.0\;C:\Program Files (x86)\Intel\OpenCL SDK\2.0\bin\x86;C:\Program Files (x86)\Intel\OpenCL SDK\2.0\bin\x64;C:\Program Files\Intel\Intel(R) Management Engine Components\DAL;C:\Program Files\Intel\Intel(R) Management Engine Components\IPT;C:\Program Files (x86)\Intel\Intel(R) Management Engine Components\DAL;C:\Program Files (x86)\Intel\Intel(R) Management Engine Components\IPT;C:\Program Files\Lenovo\Bluetooth Software\;C:\Program Files\Lenovo\Bluetooth Software\syswow64;C:\Program Files\Intel\WiFi\bin\;C:\Program Files\Common Files\Intel\WirelessCommon\;C:\Users\gonzalo1\AppData\Local\Android\sdk\platform-tools
USERNAME=gonzalo1
OS=Windows_NT
PROCESSOR_IDENTIFIER=Intel64 Family 6 Model 58 Stepping 9, GenuineIntel



---------------  S Y S T E M  ---------------

OS: Windows 8 , 64 bit Build 9200 

CPU:total 8 (4 cores per cpu, 2 threads per core) family 6 model 58 stepping 9, cmov, cx8, fxsr, mmx, sse, sse2, sse3, ssse3, sse4.1, sse4.2, popcnt, avx, aes, erms, ht, tsc, tscinvbit, tscinv

Memory: 4k page, physical 8251152k(2945296k free), swap 12969744k(5451000k free)

vm_info: Java HotSpot(TM) 64-Bit Server VM (24.71-b01) for windows-amd64 JRE (1.7.0_71-b14), built on Sep 26 2014 16:16:12 by "java_re" with unknown MS VC++:1600

time: Sat Jan 10 21:51:23 2015
elapsed time: 1 seconds

